<?xml version="1.0" encoding="UTF-8"?>
<testsuite name="WordPuzzleIntegrationTest" tests="4" skipped="0" failures="0" errors="0" timestamp="2015-08-14T23:41:13" hostname="epicodus-109.local" time="0.36">
  <properties/>
  <testcase name="enterStringOutput" classname="WordPuzzleIntegrationTest" time="0.302"/>
  <testcase name="checkTitle" classname="WordPuzzleIntegrationTest" time="0.018"/>
  <testcase name="rootTest" classname="WordPuzzleIntegrationTest" time="0.01"/>
  <testcase name="enterString" classname="WordPuzzleIntegrationTest" time="0.017"/>
  <system-out><![CDATA[]]></system-out>
  <system-err><![CDATA[[Thread-4] INFO spark.webserver.SparkServer - == Spark has ignited ...
[Thread-4] INFO spark.webserver.SparkServer - >> Listening on 0.0.0.0:4567
[Thread-4] INFO org.eclipse.jetty.server.Server - jetty-9.0.2.v20130417
[Thread-4] INFO org.eclipse.jetty.server.ServerConnector - Started ServerConnector@1f439d95{HTTP/1.1}{0.0.0.0:4567}
[Test worker] INFO spark.webserver.SparkServer - >>> Spark shutting down ...
[Test worker] INFO org.eclipse.jetty.server.Server - Graceful shutdown org.eclipse.jetty.server.Server@557d4a71 by 
[Test worker] INFO org.eclipse.jetty.server.ServerConnector - Stopped ServerConnector@1f439d95{HTTP/1.1}{0.0.0.0:4567}
[Test worker] INFO spark.webserver.SparkServer - done
]]></system-err>
</testsuite>
